This file contains any messages produced by compilers while
running configure, to aid debugging if configure makes a mistake.

It was created by configure, which was
generated by GNU Autoconf 2.59.  Invocation command line was

  $ ./configure --disable-shared --prefix=/Users/pm/MoreAmpDev/libs/libogg/inst

## --------- ##
## Platform. ##
## --------- ##

hostname = pmhost.local
uname -m = Power Macintosh
uname -r = 7.9.0
uname -s = Darwin
uname -v = Darwin Kernel Version 7.9.0: Wed Mar 30 20:11:17 PST 2005; root:xnu/xnu-517.12.7.obj~1/RELEASE_PPC 

/usr/bin/uname -p = powerpc
/bin/uname -X     = unknown

/bin/arch              = unknown
/usr/bin/arch -k       = unknown
/usr/convex/getsysinfo = unknown
hostinfo               = Mach kernel version:
	 Darwin Kernel Version 7.9.0:
Wed Mar 30 20:11:17 PST 2005; root:xnu/xnu-517.12.7.obj~1/RELEASE_PPC


Kernel configured for a single processor only.
1 processor is physically available.
Processor type: ppc750 (PowerPC 750)
Processor active: 0
Primary memory available: 384.00 megabytes.
Default processor set: 51 tasks, 128 threads, 1 processors
Load average: 2.05, Mach factor: 0.20
unknown
/bin/machine           = unknown
/usr/bin/oslevel       = unknown
/bin/universe          = unknown

PATH: /Users/pm/mybin
PATH: /bin
PATH: /sbin
PATH: /usr/bin
PATH: /usr/sbin
PATH: /usr/local/bin


## ----------- ##
## Core tests. ##
## ----------- ##

configure:1539: checking for a BSD-compatible install
configure:1594: result: /usr/bin/install -c
configure:1605: checking whether build environment is sane
configure:1648: result: yes
configure:1713: checking for gawk
configure:1742: result: no
configure:1713: checking for mawk
configure:1742: result: no
configure:1713: checking for nawk
configure:1742: result: no
configure:1713: checking for awk
configure:1729: found /usr/bin/awk
configure:1739: result: awk
configure:1749: checking whether make sets $(MAKE)
configure:1769: result: yes
configure:1937: checking whether to enable maintainer-specific portions of Makefiles
configure:1946: result: no
configure:2016: checking for gcc
configure:2032: found /usr/bin/gcc
configure:2042: result: gcc
configure:2286: checking for C compiler version
configure:2289: gcc --version </dev/null >&5
gcc (GCC) 3.3 20030304 (Apple Computer, Inc. build 1666)
Copyright (C) 2002 Free Software Foundation, Inc.
This is free software; see the source for copying conditions.  There is NO
warranty; not even for MERCHANTABILITY or FITNESS FOR A PARTICULAR PURPOSE.

configure:2292: $? = 0
configure:2294: gcc -v </dev/null >&5
Reading specs from /usr/libexec/gcc/darwin/ppc/3.3/specs
Thread model: posix
gcc version 3.3 20030304 (Apple Computer, Inc. build 1666)
configure:2297: $? = 0
configure:2299: gcc -V </dev/null >&5
gcc: `-V' option must have argument
configure:2302: $? = 1
configure:2325: checking for C compiler default output file name
configure:2328: gcc    conftest.c  >&5
configure:2331: $? = 0
configure:2377: result: a.out
configure:2382: checking whether the C compiler works
configure:2388: ./a.out
configure:2391: $? = 0
configure:2408: result: yes
configure:2415: checking whether we are cross compiling
configure:2417: result: no
configure:2420: checking for suffix of executables
configure:2422: gcc -o conftest    conftest.c  >&5
configure:2425: $? = 0
configure:2450: result: 
configure:2456: checking for suffix of object files
configure:2477: gcc -c   conftest.c >&5
configure:2480: $? = 0
configure:2502: result: o
configure:2506: checking whether we are using the GNU C compiler
configure:2530: gcc -c   conftest.c >&5
configure:2536: $? = 0
configure:2539: test -z 			 || test ! -s conftest.err
configure:2542: $? = 0
configure:2545: test -s conftest.o
configure:2548: $? = 0
configure:2561: result: yes
configure:2567: checking whether gcc accepts -g
configure:2588: gcc -c -g  conftest.c >&5
configure:2594: $? = 0
configure:2597: test -z 			 || test ! -s conftest.err
configure:2600: $? = 0
configure:2603: test -s conftest.o
configure:2606: $? = 0
configure:2617: result: yes
configure:2634: checking for gcc option to accept ANSI C
configure:2704: gcc  -c -g -O2  conftest.c >&5
configure:2710: $? = 0
configure:2713: test -z 			 || test ! -s conftest.err
configure:2716: $? = 0
configure:2719: test -s conftest.o
configure:2722: $? = 0
configure:2740: result: none needed
configure:2758: gcc -c -g -O2  conftest.c >&5
conftest.c:2: error: parse error before "me"
configure:2764: $? = 1
configure: failed program was:
| #ifndef __cplusplus
|   choke me
| #endif
configure:2905: checking for style of include used by make
configure:2933: result: GNU
configure:2961: checking dependency style of gcc
configure:3051: result: gcc3
configure:3146: checking build system type
configure:3164: result: powerpc-apple-darwin7.9.0
configure:3172: checking host system type
configure:3186: result: powerpc-apple-darwin7.9.0
configure:3194: checking for a sed that does not truncate output
configure:3248: result: /usr/bin/sed
configure:3251: checking for egrep
configure:3261: result: grep -E
configure:3277: checking for ld used by gcc
configure:3344: result: /usr/bin/ld
configure:3353: checking if the linker (/usr/bin/ld) is GNU ld
configure:3368: result: no
configure:3373: checking for /usr/bin/ld option to reload object files
configure:3380: result: -r
configure:3389: checking for BSD-compatible nm
configure:3431: result: /usr/bin/nm -p
configure:3435: checking whether ln -s works
configure:3439: result: yes
configure:3446: checking how to recognise dependent libraries
configure:3620: result: pass_all
configure:3833: checking how to run the C preprocessor
configure:3868: gcc -E  conftest.c
configure:3874: $? = 0
configure:3906: gcc -E  conftest.c
conftest.c:11:28: ac_nonexistent.h: No such file or directory
configure:3912: $? = 1
configure: failed program was:
| /* confdefs.h.  */
| 
| #define PACKAGE_NAME ""
| #define PACKAGE_TARNAME ""
| #define PACKAGE_VERSION ""
| #define PACKAGE_STRING ""
| #define PACKAGE_BUGREPORT ""
| #define PACKAGE "libogg"
| #define VERSION "1.1.3"
| /* end confdefs.h.  */
| #include <ac_nonexistent.h>
configure:3951: result: gcc -E
configure:3975: gcc -E  conftest.c
configure:3981: $? = 0
configure:4013: gcc -E  conftest.c
conftest.c:11:28: ac_nonexistent.h: No such file or directory
configure:4019: $? = 1
configure: failed program was:
| /* confdefs.h.  */
| 
| #define PACKAGE_NAME ""
| #define PACKAGE_TARNAME ""
| #define PACKAGE_VERSION ""
| #define PACKAGE_STRING ""
| #define PACKAGE_BUGREPORT ""
| #define PACKAGE "libogg"
| #define VERSION "1.1.3"
| /* end confdefs.h.  */
| #include <ac_nonexistent.h>
configure:4063: checking for ANSI C header files
configure:4088: gcc -c -g -O2  conftest.c >&5
configure:4094: $? = 0
configure:4097: test -z 			 || test ! -s conftest.err
configure:4100: $? = 0
configure:4103: test -s conftest.o
configure:4106: $? = 0
configure:4192: gcc -o conftest -g -O2   conftest.c  >&5
configure:4195: $? = 0
configure:4197: ./conftest
configure:4200: $? = 0
configure:4215: result: yes
configure:4239: checking for sys/types.h
configure:4255: gcc -c -g -O2  conftest.c >&5
configure:4261: $? = 0
configure:4264: test -z 			 || test ! -s conftest.err
configure:4267: $? = 0
configure:4270: test -s conftest.o
configure:4273: $? = 0
configure:4284: result: yes
configure:4239: checking for sys/stat.h
configure:4255: gcc -c -g -O2  conftest.c >&5
configure:4261: $? = 0
configure:4264: test -z 			 || test ! -s conftest.err
configure:4267: $? = 0
configure:4270: test -s conftest.o
configure:4273: $? = 0
configure:4284: result: yes
configure:4239: checking for stdlib.h
configure:4255: gcc -c -g -O2  conftest.c >&5
configure:4261: $? = 0
configure:4264: test -z 			 || test ! -s conftest.err
configure:4267: $? = 0
configure:4270: test -s conftest.o
configure:4273: $? = 0
configure:4284: result: yes
configure:4239: checking for string.h
configure:4255: gcc -c -g -O2  conftest.c >&5
configure:4261: $? = 0
configure:4264: test -z 			 || test ! -s conftest.err
configure:4267: $? = 0
configure:4270: test -s conftest.o
configure:4273: $? = 0
configure:4284: result: yes
configure:4239: checking for memory.h
configure:4255: gcc -c -g -O2  conftest.c >&5
configure:4261: $? = 0
configure:4264: test -z 			 || test ! -s conftest.err
configure:4267: $? = 0
configure:4270: test -s conftest.o
configure:4273: $? = 0
configure:4284: result: yes
configure:4239: checking for strings.h
configure:4255: gcc -c -g -O2  conftest.c >&5
configure:4261: $? = 0
configure:4264: test -z 			 || test ! -s conftest.err
configure:4267: $? = 0
configure:4270: test -s conftest.o
configure:4273: $? = 0
configure:4284: result: yes
configure:4239: checking for inttypes.h
configure:4255: gcc -c -g -O2  conftest.c >&5
configure:4261: $? = 0
configure:4264: test -z 			 || test ! -s conftest.err
configure:4267: $? = 0
configure:4270: test -s conftest.o
configure:4273: $? = 0
configure:4284: result: yes
configure:4239: checking for stdint.h
configure:4255: gcc -c -g -O2  conftest.c >&5
configure:4261: $? = 0
configure:4264: test -z 			 || test ! -s conftest.err
configure:4267: $? = 0
configure:4270: test -s conftest.o
configure:4273: $? = 0
configure:4284: result: yes
configure:4239: checking for unistd.h
configure:4255: gcc -c -g -O2  conftest.c >&5
configure:4261: $? = 0
configure:4264: test -z 			 || test ! -s conftest.err
configure:4267: $? = 0
configure:4270: test -s conftest.o
configure:4273: $? = 0
configure:4284: result: yes
configure:4310: checking dlfcn.h usability
configure:4322: gcc -c -g -O2  conftest.c >&5
configure:4328: $? = 0
configure:4331: test -z 			 || test ! -s conftest.err
configure:4334: $? = 0
configure:4337: test -s conftest.o
configure:4340: $? = 0
configure:4350: result: yes
configure:4354: checking dlfcn.h presence
configure:4364: gcc -E  conftest.c
configure:4370: $? = 0
configure:4390: result: yes
configure:4425: checking for dlfcn.h
configure:4432: result: yes
configure:4497: checking for g++
configure:4513: found /usr/bin/g++
configure:4523: result: g++
configure:4539: checking for C++ compiler version
configure:4542: g++ --version </dev/null >&5
g++ (GCC) 3.3 20030304 (Apple Computer, Inc. build 1666)
Copyright (C) 2002 Free Software Foundation, Inc.
This is free software; see the source for copying conditions.  There is NO
warranty; not even for MERCHANTABILITY or FITNESS FOR A PARTICULAR PURPOSE.

configure:4545: $? = 0
configure:4547: g++ -v </dev/null >&5
Reading specs from /usr/libexec/gcc/darwin/ppc/3.3/specs
Thread model: posix
gcc version 3.3 20030304 (Apple Computer, Inc. build 1666)
configure:4550: $? = 0
configure:4552: g++ -V </dev/null >&5
g++: `-V' option must have argument
configure:4555: $? = 1
configure:4558: checking whether we are using the GNU C++ compiler
configure:4582: g++ -c   conftest.cc >&5
configure:4588: $? = 0
configure:4591: test -z 			 || test ! -s conftest.err
configure:4594: $? = 0
configure:4597: test -s conftest.o
configure:4600: $? = 0
configure:4613: result: yes
configure:4619: checking whether g++ accepts -g
configure:4640: g++ -c -g  conftest.cc >&5
configure:4646: $? = 0
configure:4649: test -z 			 || test ! -s conftest.err
configure:4652: $? = 0
configure:4655: test -s conftest.o
configure:4658: $? = 0
configure:4669: result: yes
configure:4711: g++ -c -g -O2  conftest.cc >&5
configure:4717: $? = 0
configure:4720: test -z 			 || test ! -s conftest.err
configure:4723: $? = 0
configure:4726: test -s conftest.o
configure:4729: $? = 0
configure:4755: g++ -c -g -O2  conftest.cc >&5
conftest.cc: In function `int main()':
conftest.cc:26: error: `exit' undeclared (first use this function)
conftest.cc:26: error: (Each undeclared identifier is reported only once for 
   each function it appears in.)
configure:4761: $? = 1
configure: failed program was:
| /* confdefs.h.  */
| 
| #define PACKAGE_NAME ""
| #define PACKAGE_TARNAME ""
| #define PACKAGE_VERSION ""
| #define PACKAGE_STRING ""
| #define PACKAGE_BUGREPORT ""
| #define PACKAGE "libogg"
| #define VERSION "1.1.3"
| #define STDC_HEADERS 1
| #define HAVE_SYS_TYPES_H 1
| #define HAVE_SYS_STAT_H 1
| #define HAVE_STDLIB_H 1
| #define HAVE_STRING_H 1
| #define HAVE_MEMORY_H 1
| #define HAVE_STRINGS_H 1
| #define HAVE_INTTYPES_H 1
| #define HAVE_STDINT_H 1
| #define HAVE_UNISTD_H 1
| #define HAVE_DLFCN_H 1
| /* end confdefs.h.  */
| 
| int
| main ()
| {
| exit (42);
|   ;
|   return 0;
| }
configure:4711: g++ -c -g -O2  conftest.cc >&5
configure:4717: $? = 0
configure:4720: test -z 			 || test ! -s conftest.err
configure:4723: $? = 0
configure:4726: test -s conftest.o
configure:4729: $? = 0
configure:4755: g++ -c -g -O2  conftest.cc >&5
configure:4761: $? = 0
configure:4764: test -z 			 || test ! -s conftest.err
configure:4767: $? = 0
configure:4770: test -s conftest.o
configure:4773: $? = 0
configure:4798: checking dependency style of g++
configure:4888: result: gcc3
configure:4910: checking how to run the C++ preprocessor
configure:4941: g++ -E  conftest.cc
configure:4947: $? = 0
configure:4979: g++ -E  conftest.cc
conftest.cc:25:28: ac_nonexistent.h: No such file or directory
configure:4985: $? = 1
configure: failed program was:
| /* confdefs.h.  */
| 
| #define PACKAGE_NAME ""
| #define PACKAGE_TARNAME ""
| #define PACKAGE_VERSION ""
| #define PACKAGE_STRING ""
| #define PACKAGE_BUGREPORT ""
| #define PACKAGE "libogg"
| #define VERSION "1.1.3"
| #define STDC_HEADERS 1
| #define HAVE_SYS_TYPES_H 1
| #define HAVE_SYS_STAT_H 1
| #define HAVE_STDLIB_H 1
| #define HAVE_STRING_H 1
| #define HAVE_MEMORY_H 1
| #define HAVE_STRINGS_H 1
| #define HAVE_INTTYPES_H 1
| #define HAVE_STDINT_H 1
| #define HAVE_UNISTD_H 1
| #define HAVE_DLFCN_H 1
| #ifdef __cplusplus
| extern "C" void std::exit (int) throw (); using std::exit;
| #endif
| /* end confdefs.h.  */
| #include <ac_nonexistent.h>
configure:5024: result: g++ -E
configure:5048: g++ -E  conftest.cc
configure:5054: $? = 0
configure:5086: g++ -E  conftest.cc
conftest.cc:25:28: ac_nonexistent.h: No such file or directory
configure:5092: $? = 1
configure: failed program was:
| /* confdefs.h.  */
| 
| #define PACKAGE_NAME ""
| #define PACKAGE_TARNAME ""
| #define PACKAGE_VERSION ""
| #define PACKAGE_STRING ""
| #define PACKAGE_BUGREPORT ""
| #define PACKAGE "libogg"
| #define VERSION "1.1.3"
| #define STDC_HEADERS 1
| #define HAVE_SYS_TYPES_H 1
| #define HAVE_SYS_STAT_H 1
| #define HAVE_STDLIB_H 1
| #define HAVE_STRING_H 1
| #define HAVE_MEMORY_H 1
| #define HAVE_STRINGS_H 1
| #define HAVE_INTTYPES_H 1
| #define HAVE_STDINT_H 1
| #define HAVE_UNISTD_H 1
| #define HAVE_DLFCN_H 1
| #ifdef __cplusplus
| extern "C" void std::exit (int) throw (); using std::exit;
| #endif
| /* end confdefs.h.  */
| #include <ac_nonexistent.h>
configure:5187: checking for g77
configure:5216: result: no
configure:5187: checking for f77
configure:5216: result: no
configure:5187: checking for xlf
configure:5216: result: no
configure:5187: checking for frt
configure:5216: result: no
configure:5187: checking for pgf77
configure:5216: result: no
configure:5187: checking for fort77
configure:5216: result: no
configure:5187: checking for fl32
configure:5216: result: no
configure:5187: checking for af77
configure:5216: result: no
configure:5187: checking for f90
configure:5216: result: no
configure:5187: checking for xlf90
configure:5216: result: no
configure:5187: checking for pgf90
configure:5216: result: no
configure:5187: checking for epcf90
configure:5216: result: no
configure:5187: checking for f95
configure:5216: result: no
configure:5187: checking for fort
configure:5216: result: no
configure:5187: checking for xlf95
configure:5216: result: no
configure:5187: checking for ifc
configure:5216: result: no
configure:5187: checking for efc
configure:5216: result: no
configure:5187: checking for pgf95
configure:5216: result: no
configure:5187: checking for lf95
configure:5216: result: no
configure:5187: checking for gfortran
configure:5216: result: no
configure:5231: checking for Fortran 77 compiler version
configure:5231:  --version </dev/null >&5
./configure: line 1: --version: command not found
configure:5234: $? = 127
configure:5236:  -v </dev/null >&5
./configure: line 1: -v: command not found
configure:5239: $? = 127
configure:5241:  -V </dev/null >&5
./configure: line 1: -V: command not found
configure:5244: $? = 127
configure:5252: checking whether we are using the GNU Fortran 77 compiler
configure:5266:  -c  conftest.F >&5
./configure: line 1: -c: command not found
configure:5272: $? = 127
configure: failed program was:
|       program main
| #ifndef __GNUC__
|        choke me
| #endif
| 
|       end
configure:5297: result: no
configure:5303: checking whether  accepts -g
configure:5315:  -c -g conftest.f >&5
./configure: line 1: -c: command not found
configure:5321: $? = 127
configure: failed program was:
|       program main
| 
|       end
configure:5345: result: no
configure:5375: checking the maximum length of command line arguments
configure:5440: result: 65536
configure:5451: checking command to parse /usr/bin/nm -p output from gcc object
configure:5540: gcc -c -g -O2  conftest.c >&5
configure:5543: $? = 0
configure:5547: /usr/bin/nm -p conftest.o \| sed -n -e 's/^.*[ 	]\([BCDEGRST][BCDEGRST]*\)[ 	][ 	]*\(\)\([_A-Za-z][_A-Za-z0-9]*\)$/\1 \2\3 \3/p' \> conftest.nm
configure:5550: $? = 0
cannot find nm_test_var in conftest.nm
configure:5540: gcc -c -g -O2  conftest.c >&5
configure:5543: $? = 0
configure:5547: /usr/bin/nm -p conftest.o \| sed -n -e 's/^.*[ 	]\([BCDEGRST][BCDEGRST]*\)[ 	][ 	]*\(_\)\([_A-Za-z][_A-Za-z0-9]*\)$/\1 \2\3 \3/p' \> conftest.nm
configure:5550: $? = 0
configure:5602: gcc -o conftest -g -O2   conftest.c conftstm.o >&5
configure:5605: $? = 0
configure:5643: result: ok
configure:5647: checking for objdir
configure:5662: result: .libs
configure:5752: checking for ar
configure:5768: found /usr/bin/ar
configure:5779: result: ar
configure:5832: checking for ranlib
configure:5848: found /usr/bin/ranlib
configure:5859: result: ranlib
configure:5912: checking for strip
configure:5928: found /usr/bin/strip
configure:5939: result: strip
configure:6201: checking if gcc static flag  works
configure:6224: result: yes
configure:6242: checking if gcc supports -fno-rtti -fno-exceptions
configure:6263: gcc -c -g -O2  -fno-rtti -fno-exceptions conftest.c >&5
cc1: warning: "-frtti" is valid for C++ but not for C/ObjC
configure:6267: $? = 0
configure:6275: result: no
configure:6290: checking for gcc option to produce PIC
configure:6467: result: -fno-common
configure:6475: checking if gcc PIC flag -fno-common works
configure:6496: gcc -c -g -O2  -fno-common -DPIC conftest.c >&5
configure:6500: $? = 0
configure:6508: result: yes
configure:6532: checking if gcc supports -c -o file.o
configure:6556: gcc -c -g -O2  -o out/conftest2.o conftest.c >&5
configure:6560: $? = 0
configure:6577: result: yes
configure:6603: checking whether the gcc linker (/usr/bin/ld) supports shared libraries
configure:7450: result: yes
configure:7521: checking dynamic linker characteristics
configure:8073: result: darwin7.9.0 dyld
configure:8077: checking how to hardcode library paths into programs
configure:8102: result: immediate
configure:8116: checking whether stripping libraries is possible
configure:8129: result: yes
configure:8944: checking if libtool supports shared libraries
configure:8946: result: yes
configure:8949: checking whether to build shared libraries
configure:9007: result: no
configure:9010: checking whether to build static libraries
configure:9014: result: yes
configure:9106: creating libtool
configure:9653: checking for ld used by g++
configure:9720: result: /usr/bin/ld
configure:9729: checking if the linker (/usr/bin/ld) is GNU ld
configure:9744: result: no
configure:9795: checking whether the g++ linker (/usr/bin/ld) supports shared libraries
configure:10621: result: yes
configure:10639: g++ -c -g -O2  conftest.cc >&5
configure:10642: $? = 0
configure:10738: checking for g++ option to produce PIC
configure:10990: result: -fno-common
configure:10998: checking if g++ PIC flag -fno-common works
configure:11019: g++ -c -g -O2  -fno-common -DPIC conftest.cc >&5
configure:11023: $? = 0
configure:11031: result: yes
configure:11055: checking if g++ supports -c -o file.o
configure:11079: g++ -c -g -O2  -o out/conftest2.o conftest.cc >&5
configure:11083: $? = 0
configure:11100: result: yes
configure:11126: checking whether the g++ linker (/usr/bin/ld) supports shared libraries
configure:11154: result: yes
configure:11225: checking dynamic linker characteristics
configure:11777: result: darwin7.9.0 dyld
configure:11781: checking how to hardcode library paths into programs
configure:11806: result: immediate
configure:11820: checking whether stripping libraries is possible
configure:11833: result: yes
configure:19122: checking for ANSI C header files
configure:19274: result: yes
configure:19285: checking for an ANSI C-conforming const
configure:19352: gcc -c -fno-common -O4 -Wall -fsigned-char -ffast-math -g -O2  conftest.c >&5
conftest.c: In function `main':
conftest.c:53: warning: unused variable `s'
conftest.c:73: warning: unused variable `foo'
conftest.c:34: warning: unused variable `x'
conftest.c:40: warning: unused variable `zero'
conftest.c:52: warning: `t' might be used uninitialized in this function
conftest.c:70: warning: `b' might be used uninitialized in this function
configure:19358: $? = 0
configure:19361: test -z 			 || test ! -s conftest.err
configure:19364: $? = 0
configure:19367: test -s conftest.o
configure:19370: $? = 0
configure:19381: result: yes
configure:19393: checking for int16_t
configure:19418: gcc -o conftest -fno-common -O4 -Wall -fsigned-char -ffast-math -g -O2   conftest.c  >&5
configure:19421: $? = 0
configure:19423: ./conftest
configure:19426: $? = 0
configure:19441: result: yes
configure:19444: checking for int32_t
configure:19469: gcc -o conftest -fno-common -O4 -Wall -fsigned-char -ffast-math -g -O2   conftest.c  >&5
configure:19472: $? = 0
configure:19474: ./conftest
configure:19477: $? = 0
configure:19492: result: yes
configure:19495: checking for uint32_t
configure:19520: gcc -o conftest -fno-common -O4 -Wall -fsigned-char -ffast-math -g -O2   conftest.c  >&5
conftest.c:31: error: parse error before "foo"
conftest.c:31: warning: type defaults to `int' in declaration of `foo'
conftest.c:31: warning: data definition has no type or storage class
configure:19523: $? = 1
configure: program exited with status 1
configure: failed program was:
| /* confdefs.h.  */
| 
| #define PACKAGE_NAME ""
| #define PACKAGE_TARNAME ""
| #define PACKAGE_VERSION ""
| #define PACKAGE_STRING ""
| #define PACKAGE_BUGREPORT ""
| #define PACKAGE "libogg"
| #define VERSION "1.1.3"
| #define STDC_HEADERS 1
| #define HAVE_SYS_TYPES_H 1
| #define HAVE_SYS_STAT_H 1
| #define HAVE_STDLIB_H 1
| #define HAVE_STRING_H 1
| #define HAVE_MEMORY_H 1
| #define HAVE_STRINGS_H 1
| #define HAVE_INTTYPES_H 1
| #define HAVE_STDINT_H 1
| #define HAVE_UNISTD_H 1
| #define HAVE_DLFCN_H 1
| #ifdef __cplusplus
| extern "C" void std::exit (int) throw (); using std::exit;
| #endif
| #define STDC_HEADERS 1
| /* end confdefs.h.  */
| 
| #ifdef __BEOS__
| #include <inttypes.h>
| #endif
| #include <sys/types.h>
| uint32_t foo;
| int main() {return 0;}
| 
configure:19543: result: no
configure:19546: checking for uint16_t
configure:19571: gcc -o conftest -fno-common -O4 -Wall -fsigned-char -ffast-math -g -O2   conftest.c  >&5
conftest.c:31: error: parse error before "foo"
conftest.c:31: warning: type defaults to `int' in declaration of `foo'
conftest.c:31: warning: data definition has no type or storage class
configure:19574: $? = 1
configure: program exited with status 1
configure: failed program was:
| /* confdefs.h.  */
| 
| #define PACKAGE_NAME ""
| #define PACKAGE_TARNAME ""
| #define PACKAGE_VERSION ""
| #define PACKAGE_STRING ""
| #define PACKAGE_BUGREPORT ""
| #define PACKAGE "libogg"
| #define VERSION "1.1.3"
| #define STDC_HEADERS 1
| #define HAVE_SYS_TYPES_H 1
| #define HAVE_SYS_STAT_H 1
| #define HAVE_STDLIB_H 1
| #define HAVE_STRING_H 1
| #define HAVE_MEMORY_H 1
| #define HAVE_STRINGS_H 1
| #define HAVE_INTTYPES_H 1
| #define HAVE_STDINT_H 1
| #define HAVE_UNISTD_H 1
| #define HAVE_DLFCN_H 1
| #ifdef __cplusplus
| extern "C" void std::exit (int) throw (); using std::exit;
| #endif
| #define STDC_HEADERS 1
| /* end confdefs.h.  */
| 
| #ifdef __BEOS__
| #include <inttypes.h>
| #endif
| #include <sys/types.h>
| uint16_t foo;
| int main() {return 0;}
| 
configure:19594: result: no
configure:19597: checking for u_int32_t
configure:19622: gcc -o conftest -fno-common -O4 -Wall -fsigned-char -ffast-math -g -O2   conftest.c  >&5
configure:19625: $? = 0
configure:19627: ./conftest
configure:19630: $? = 0
configure:19645: result: yes
configure:19648: checking for u_int16_t
configure:19673: gcc -o conftest -fno-common -O4 -Wall -fsigned-char -ffast-math -g -O2   conftest.c  >&5
configure:19676: $? = 0
configure:19678: ./conftest
configure:19681: $? = 0
configure:19696: result: yes
configure:19699: checking for int64_t
configure:19724: gcc -o conftest -fno-common -O4 -Wall -fsigned-char -ffast-math -g -O2   conftest.c  >&5
configure:19727: $? = 0
configure:19729: ./conftest
configure:19732: $? = 0
configure:19747: result: yes
configure:19750: checking for short
configure:19774: gcc -c -fno-common -O4 -Wall -fsigned-char -ffast-math -g -O2  conftest.c >&5
configure:19780: $? = 0
configure:19783: test -z 			 || test ! -s conftest.err
configure:19786: $? = 0
configure:19789: test -s conftest.o
configure:19792: $? = 0
configure:19803: result: yes
configure:19806: checking size of short
configure:20118: gcc -o conftest -fno-common -O4 -Wall -fsigned-char -ffast-math -g -O2   conftest.c  >&5
configure:20121: $? = 0
configure:20123: ./conftest
configure:20126: $? = 0
configure:20149: result: 2
configure:20156: checking for int
configure:20180: gcc -c -fno-common -O4 -Wall -fsigned-char -ffast-math -g -O2  conftest.c >&5
configure:20186: $? = 0
configure:20189: test -z 			 || test ! -s conftest.err
configure:20192: $? = 0
configure:20195: test -s conftest.o
configure:20198: $? = 0
configure:20209: result: yes
configure:20212: checking size of int
configure:20524: gcc -o conftest -fno-common -O4 -Wall -fsigned-char -ffast-math -g -O2   conftest.c  >&5
configure:20527: $? = 0
configure:20529: ./conftest
configure:20532: $? = 0
configure:20555: result: 4
configure:20562: checking for long
configure:20586: gcc -c -fno-common -O4 -Wall -fsigned-char -ffast-math -g -O2  conftest.c >&5
configure:20592: $? = 0
configure:20595: test -z 			 || test ! -s conftest.err
configure:20598: $? = 0
configure:20601: test -s conftest.o
configure:20604: $? = 0
configure:20615: result: yes
configure:20618: checking size of long
configure:20930: gcc -o conftest -fno-common -O4 -Wall -fsigned-char -ffast-math -g -O2   conftest.c  >&5
configure:20933: $? = 0
configure:20935: ./conftest
configure:20938: $? = 0
configure:20961: result: 4
configure:20968: checking for long long
configure:20992: gcc -c -fno-common -O4 -Wall -fsigned-char -ffast-math -g -O2  conftest.c >&5
configure:20998: $? = 0
configure:21001: test -z 			 || test ! -s conftest.err
configure:21004: $? = 0
configure:21007: test -s conftest.o
configure:21010: $? = 0
configure:21021: result: yes
configure:21024: checking size of long long
configure:21336: gcc -o conftest -fno-common -O4 -Wall -fsigned-char -ffast-math -g -O2   conftest.c  >&5
configure:21339: $? = 0
configure:21341: ./conftest
configure:21344: $? = 0
configure:21367: result: 8
configure:21458: checking for working memcmp
configure:21506: gcc -o conftest -fno-common -O4 -Wall -fsigned-char -ffast-math -g -O2   conftest.c  >&5
configure:21509: $? = 0
configure:21511: ./conftest
configure:21514: $? = 0
configure:21528: result: yes
configure:21677: creating ./config.status

## ---------------------- ##
## Running config.status. ##
## ---------------------- ##

This file was extended by config.status, which was
generated by GNU Autoconf 2.59.  Invocation command line was

  CONFIG_FILES    = 
  CONFIG_HEADERS  = 
  CONFIG_LINKS    = 
  CONFIG_COMMANDS = 
  $ ./config.status 

on pmhost.local

config.status:778: creating Makefile
config.status:778: creating src/Makefile
config.status:778: creating doc/Makefile
config.status:778: creating doc/libogg/Makefile
config.status:778: creating include/Makefile
config.status:778: creating include/ogg/Makefile
config.status:778: creating include/ogg/config_types.h
config.status:778: creating win32/Makefile
config.status:778: creating libogg.spec
config.status:778: creating ogg.pc
config.status:778: creating ogg-uninstalled.pc
config.status:844: creating config.h
config.status:1142: executing depfiles commands

## ---------------- ##
## Cache variables. ##
## ---------------- ##

ac_cv_build=powerpc-apple-darwin7.9.0
ac_cv_build_alias=powerpc-apple-darwin7.9.0
ac_cv_c_compiler_gnu=yes
ac_cv_c_const=yes
ac_cv_cxx_compiler_gnu=yes
ac_cv_env_CC_set=
ac_cv_env_CC_value=
ac_cv_env_CFLAGS_set=
ac_cv_env_CFLAGS_value=
ac_cv_env_CPPFLAGS_set=
ac_cv_env_CPPFLAGS_value=
ac_cv_env_CPP_set=
ac_cv_env_CPP_value=
ac_cv_env_CXXCPP_set=
ac_cv_env_CXXCPP_value=
ac_cv_env_CXXFLAGS_set=
ac_cv_env_CXXFLAGS_value=
ac_cv_env_CXX_set=
ac_cv_env_CXX_value=
ac_cv_env_F77_set=
ac_cv_env_F77_value=
ac_cv_env_FFLAGS_set=
ac_cv_env_FFLAGS_value=
ac_cv_env_LDFLAGS_set=
ac_cv_env_LDFLAGS_value=
ac_cv_env_build_alias_set=
ac_cv_env_build_alias_value=
ac_cv_env_host_alias_set=
ac_cv_env_host_alias_value=
ac_cv_env_target_alias_set=
ac_cv_env_target_alias_value=
ac_cv_exeext=
ac_cv_f77_compiler_gnu=no
ac_cv_func_memcmp_working=yes
ac_cv_header_dlfcn_h=yes
ac_cv_header_inttypes_h=yes
ac_cv_header_memory_h=yes
ac_cv_header_stdc=yes
ac_cv_header_stdint_h=yes
ac_cv_header_stdlib_h=yes
ac_cv_header_string_h=yes
ac_cv_header_strings_h=yes
ac_cv_header_sys_stat_h=yes
ac_cv_header_sys_types_h=yes
ac_cv_header_unistd_h=yes
ac_cv_host=powerpc-apple-darwin7.9.0
ac_cv_host_alias=powerpc-apple-darwin7.9.0
ac_cv_objext=o
ac_cv_path_install='/usr/bin/install -c'
ac_cv_prog_AWK=awk
ac_cv_prog_CPP='gcc -E'
ac_cv_prog_CXXCPP='g++ -E'
ac_cv_prog_ac_ct_AR=ar
ac_cv_prog_ac_ct_CC=gcc
ac_cv_prog_ac_ct_CXX=g++
ac_cv_prog_ac_ct_RANLIB=ranlib
ac_cv_prog_ac_ct_STRIP=strip
ac_cv_prog_cc_g=yes
ac_cv_prog_cc_stdc=
ac_cv_prog_cxx_g=yes
ac_cv_prog_egrep='grep -E'
ac_cv_prog_f77_g=no
ac_cv_prog_make_make_set=yes
ac_cv_sizeof_int=4
ac_cv_sizeof_long=4
ac_cv_sizeof_long_long=8
ac_cv_sizeof_short=2
ac_cv_type_int=yes
ac_cv_type_long=yes
ac_cv_type_long_long=yes
ac_cv_type_short=yes
am_cv_CC_dependencies_compiler_type=gcc3
am_cv_CXX_dependencies_compiler_type=gcc3
lt_cv_deplibs_check_method=pass_all
lt_cv_file_magic_cmd='$MAGIC_CMD'
lt_cv_file_magic_test_file=
lt_cv_ld_reload_flag=-r
lt_cv_objdir=.libs
lt_cv_path_LD=/usr/bin/ld
lt_cv_path_LDCXX=/usr/bin/ld
lt_cv_path_NM='/usr/bin/nm -p'
lt_cv_path_SED=/usr/bin/sed
lt_cv_prog_compiler_c_o=yes
lt_cv_prog_compiler_c_o_CXX=yes
lt_cv_prog_compiler_rtti_exceptions=no
lt_cv_prog_gnu_ld=no
lt_cv_prog_gnu_ldcxx=no
lt_cv_sys_global_symbol_pipe='sed -n -e '\''s/^.*[ 	]\([BCDEGRST][BCDEGRST]*\)[ 	][ 	]*\(_\)\([_A-Za-z][_A-Za-z0-9]*\)$/\1 \2\3 \3/p'\'''
lt_cv_sys_global_symbol_to_c_name_address='sed -n -e '\''s/^: \([^ ]*\) $/  {\"\1\", (lt_ptr) 0},/p'\'' -e '\''s/^[BCDEGRST] \([^ ]*\) \([^ ]*\)$/  {"\2", (lt_ptr) \&\2},/p'\'''
lt_cv_sys_global_symbol_to_cdecl='sed -n -e '\''s/^. .* \(.*\)$/extern int \1;/p'\'''
lt_cv_sys_max_cmd_len=65536
lt_lt_cv_prog_compiler_c_o='"yes"'
lt_lt_cv_prog_compiler_c_o_CXX='"yes"'
lt_lt_cv_sys_global_symbol_pipe='"sed -n -e '\''s/^.*[ 	]\\([BCDEGRST][BCDEGRST]*\\)[ 	][ 	]*\\(_\\)\\([_A-Za-z][_A-Za-z0-9]*\\)\$/\\1 \\2\\3 \\3/p'\''"'
lt_lt_cv_sys_global_symbol_to_c_name_address='"sed -n -e '\''s/^: \\([^ ]*\\) \$/  {\\\"\\1\\\", (lt_ptr) 0},/p'\'' -e '\''s/^[BCDEGRST] \\([^ ]*\\) \\([^ ]*\\)\$/  {\"\\2\", (lt_ptr) \\&\\2},/p'\''"'
lt_lt_cv_sys_global_symbol_to_cdecl='"sed -n -e '\''s/^. .* \\(.*\\)\$/extern int \\1;/p'\''"'

## ----------------- ##
## Output variables. ##
## ----------------- ##

ACLOCAL='${SHELL} /Users/pm/MoreAmpDev/libs/libogg/missing --run aclocal-1.9'
AMDEPBACKSLASH='\'
AMDEP_FALSE='#'
AMDEP_TRUE=''
AMTAR='${SHELL} /Users/pm/MoreAmpDev/libs/libogg/missing --run tar'
AR='ar'
AUTOCONF='${SHELL} /Users/pm/MoreAmpDev/libs/libogg/missing --run autoconf'
AUTOHEADER='${SHELL} /Users/pm/MoreAmpDev/libs/libogg/missing --run autoheader'
AUTOMAKE='${SHELL} /Users/pm/MoreAmpDev/libs/libogg/missing --run automake-1.9'
AWK='awk'
CC='gcc'
CCDEPMODE='depmode=gcc3'
CFLAGS='-fno-common -O4 -Wall -fsigned-char -ffast-math -g -O2'
CPP='gcc -E'
CPPFLAGS=''
CXX='g++'
CXXCPP='g++ -E'
CXXDEPMODE='depmode=gcc3'
CXXFLAGS='-g -O2'
CYGPATH_W='echo'
DEBUG='-fno-common -g -Wall -fsigned-char -g -O2'
DEFS='-DHAVE_CONFIG_H'
DEPDIR='.deps'
ECHO='echo'
ECHO_C=''
ECHO_N='-n'
ECHO_T=''
EGREP='grep -E'
EXEEXT=''
F77=''
FFLAGS=''
INSTALL_DATA='${INSTALL} -m 644'
INSTALL_PROGRAM='${INSTALL}'
INSTALL_SCRIPT='${INSTALL}'
INSTALL_STRIP_PROGRAM='${SHELL} $(install_sh) -c -s'
LDFLAGS=''
LIBOBJS=''
LIBS=''
LIBTOOL='$(SHELL) $(top_builddir)/libtool'
LIBTOOL_DEPS='./ltmain.sh'
LIB_AGE='5'
LIB_CURRENT='5'
LIB_REVISION='3'
LN_S='ln -s'
LTLIBOBJS=''
MAINT='#'
MAINTAINER_MODE_FALSE=''
MAINTAINER_MODE_TRUE='#'
MAKEINFO='${SHELL} /Users/pm/MoreAmpDev/libs/libogg/missing --run makeinfo'
OBJEXT='o'
OPT=''
PACKAGE='libogg'
PACKAGE_BUGREPORT=''
PACKAGE_NAME=''
PACKAGE_STRING=''
PACKAGE_TARNAME=''
PACKAGE_VERSION=''
PATH_SEPARATOR=':'
PROFILE='-fno-common -O4 -Wall -pg -g -fsigned-char -ffast-math -g -O2'
RANLIB='ranlib'
SET_MAKE=''
SHELL='/bin/sh'
SIZE16='int16_t'
SIZE32='int32_t'
SIZE64='int64_t'
STRIP='strip'
USIZE16='u_int16_t'
USIZE32='u_int32_t'
VERSION='1.1.3'
ac_ct_AR='ar'
ac_ct_CC='gcc'
ac_ct_CXX='g++'
ac_ct_F77=''
ac_ct_RANLIB='ranlib'
ac_ct_STRIP='strip'
am__fastdepCC_FALSE='#'
am__fastdepCC_TRUE=''
am__fastdepCXX_FALSE='#'
am__fastdepCXX_TRUE=''
am__include='include'
am__leading_dot='.'
am__quote=''
am__tar='${AMTAR} chof - "$$tardir"'
am__untar='${AMTAR} xf -'
bindir='${exec_prefix}/bin'
build='powerpc-apple-darwin7.9.0'
build_alias=''
build_cpu='powerpc'
build_os='darwin7.9.0'
build_vendor='apple'
datadir='${prefix}/share'
exec_prefix='${prefix}'
host='powerpc-apple-darwin7.9.0'
host_alias=''
host_cpu='powerpc'
host_os='darwin7.9.0'
host_vendor='apple'
includedir='${prefix}/include'
infodir='${prefix}/info'
install_sh='/Users/pm/MoreAmpDev/libs/libogg/install-sh'
libdir='${exec_prefix}/lib'
libexecdir='${exec_prefix}/libexec'
localstatedir='${prefix}/var'
mandir='${prefix}/man'
mkdir_p='mkdir -p --'
oldincludedir='/usr/include'
prefix='/Users/pm/MoreAmpDev/libs/libogg/inst'
program_transform_name='s,x,x,'
sbindir='${exec_prefix}/sbin'
sharedstatedir='${prefix}/com'
sysconfdir='${prefix}/etc'
target_alias=''

## ----------- ##
## confdefs.h. ##
## ----------- ##

#define HAVE_DLFCN_H 1
#define HAVE_INTTYPES_H 1
#define HAVE_MEMORY_H 1
#define HAVE_STDINT_H 1
#define HAVE_STDLIB_H 1
#define HAVE_STRINGS_H 1
#define HAVE_STRING_H 1
#define HAVE_SYS_STAT_H 1
#define HAVE_SYS_TYPES_H 1
#define HAVE_UNISTD_H 1
#define PACKAGE "libogg"
#define PACKAGE_BUGREPORT ""
#define PACKAGE_NAME ""
#define PACKAGE_STRING ""
#define PACKAGE_TARNAME ""
#define PACKAGE_VERSION ""
#define SIZEOF_INT 4
#define SIZEOF_LONG 4
#define SIZEOF_LONG_LONG 8
#define SIZEOF_SHORT 2
#define STDC_HEADERS 1
#define STDC_HEADERS 1
#define VERSION "1.1.3"
#endif
#ifdef __cplusplus
extern "C" void std::exit (int) throw (); using std::exit;

configure: exit 0
